<?xml version="1.0" encoding="UTF-8"?>
<coverage generated="1589024499680" clover="3.2.0">
  <project timestamp="1589024499680" name="All files">
    <metrics statements="54" coveredstatements="25" conditionals="12" coveredconditionals="2" methods="21" coveredmethods="7" elements="87" coveredelements="34" complexity="0" loc="54" ncloc="54" packages="1" files="5" classes="5"/>
    <file name="App.jsx" path="/Users/akshajmody/Documents/Hack Reactor SF COHORT 127 /etv-shipping/client/src/components/App.jsx">
      <metrics statements="41" coveredstatements="19" conditionals="8" coveredconditionals="1" methods="14" coveredmethods="4"/>
      <line num="8" count="3" type="stmt"/>
      <line num="9" count="3" type="stmt"/>
      <line num="16" count="3" type="stmt"/>
      <line num="17" count="3" type="stmt"/>
      <line num="18" count="3" type="stmt"/>
      <line num="19" count="3" type="stmt"/>
      <line num="20" count="3" type="stmt"/>
      <line num="21" count="3" type="stmt"/>
      <line num="22" count="3" type="stmt"/>
      <line num="26" count="3" type="stmt"/>
      <line num="30" count="0" type="stmt"/>
      <line num="34" count="3" type="stmt"/>
      <line num="40" count="0" type="stmt"/>
      <line num="41" count="0" type="cond" truecount="0" falsecount="2"/>
      <line num="42" count="0" type="stmt"/>
      <line num="46" count="3" type="stmt"/>
      <line num="47" count="0" type="stmt"/>
      <line num="52" count="3" type="stmt"/>
      <line num="53" count="0" type="stmt"/>
      <line num="59" count="3" type="stmt"/>
      <line num="60" count="0" type="stmt"/>
      <line num="61" count="0" type="stmt"/>
      <line num="66" count="3" type="stmt"/>
      <line num="67" count="0" type="stmt"/>
      <line num="68" count="0" type="stmt"/>
      <line num="73" count="3" type="stmt"/>
      <line num="74" count="0" type="stmt"/>
      <line num="75" count="0" type="stmt"/>
      <line num="82" count="0" type="stmt"/>
      <line num="83" count="0" type="cond" truecount="0" falsecount="2"/>
      <line num="84" count="0" type="stmt"/>
      <line num="86" count="0" type="stmt"/>
      <line num="87" count="0" type="stmt"/>
      <line num="88" count="0" type="cond" truecount="0" falsecount="2"/>
      <line num="89" count="0" type="stmt"/>
      <line num="91" count="0" type="stmt"/>
      <line num="99" count="3" type="stmt"/>
      <line num="100" count="3" type="stmt"/>
      <line num="101" count="3" type="stmt"/>
      <line num="106" count="0" type="stmt"/>
      <line num="111" count="0" type="stmt"/>
    </file>
    <file name="Carousel.jsx" path="/Users/akshajmody/Documents/Hack Reactor SF COHORT 127 /etv-shipping/client/src/components/Carousel.jsx">
      <metrics statements="4" coveredstatements="3" conditionals="0" coveredconditionals="0" methods="3" coveredmethods="2"/>
      <line num="6" count="1" type="stmt"/>
      <line num="7" count="1" type="stmt"/>
      <line num="11" count="1" type="stmt"/>
      <line num="15" count="0" type="stmt"/>
    </file>
    <file name="ModalOne.jsx" path="/Users/akshajmody/Documents/Hack Reactor SF COHORT 127 /etv-shipping/client/src/components/ModalOne.jsx">
      <metrics statements="3" coveredstatements="2" conditionals="2" coveredconditionals="1" methods="1" coveredmethods="1"/>
      <line num="7" count="2" type="cond" truecount="1" falsecount="1"/>
      <line num="8" count="2" type="stmt"/>
      <line num="10" count="0" type="stmt"/>
    </file>
    <file name="Recoms.jsx" path="/Users/akshajmody/Documents/Hack Reactor SF COHORT 127 /etv-shipping/client/src/components/Recoms.jsx">
      <metrics statements="2" coveredstatements="1" conditionals="0" coveredconditionals="0" methods="1" coveredmethods="0"/>
      <line num="3" count="3" type="stmt"/>
      <line num="4" count="0" type="stmt"/>
    </file>
    <file name="Zipcode.jsx" path="/Users/akshajmody/Documents/Hack Reactor SF COHORT 127 /etv-shipping/client/src/components/Zipcode.jsx">
      <metrics statements="4" coveredstatements="0" conditionals="2" coveredconditionals="0" methods="2" coveredmethods="0"/>
      <line num="6" count="0" type="cond" truecount="0" falsecount="2"/>
      <line num="7" count="0" type="stmt"/>
      <line num="9" count="0" type="stmt"/>
      <line num="12" count="0" type="stmt"/>
    </file>
  </project>
</coverage>
