{"/Users/akshajmody/Documents/Hack Reactor SF COHORT 127 /etv-shipping/client/src/components/App.jsx": {"path":"/Users/akshajmody/Documents/Hack Reactor SF COHORT 127 /etv-shipping/client/src/components/App.jsx","statementMap":{"0":{"start":{"line":8,"column":4},"end":{"line":8,"column":17}},"1":{"start":{"line":9,"column":4},"end":{"line":15,"column":6}},"2":{"start":{"line":16,"column":4},"end":{"line":16,"column":49}},"3":{"start":{"line":17,"column":4},"end":{"line":17,"column":49}},"4":{"start":{"line":18,"column":4},"end":{"line":18,"column":49}},"5":{"start":{"line":19,"column":4},"end":{"line":19,"column":53}},"6":{"start":{"line":20,"column":4},"end":{"line":20,"column":51}},"7":{"start":{"line":21,"column":4},"end":{"line":21,"column":53}},"8":{"start":{"line":22,"column":4},"end":{"line":22,"column":55}},"9":{"start":{"line":26,"column":4},"end":{"line":26,"column":63}},"10":{"start":{"line":30,"column":4},"end":{"line":30,"column":22}},"11":{"start":{"line":34,"column":4},"end":{"line":36,"column":28}},"12":{"start":{"line":40,"column":4},"end":{"line":40,"column":35}},"13":{"start":{"line":41,"column":4},"end":{"line":43,"column":5}},"14":{"start":{"line":42,"column":6},"end":{"line":42,"column":37}},"15":{"start":{"line":46,"column":15},"end":{"line":50,"column":3}},"16":{"start":{"line":47,"column":4},"end":{"line":49,"column":7}},"17":{"start":{"line":52,"column":14},"end":{"line":56,"column":3}},"18":{"start":{"line":53,"column":4},"end":{"line":55,"column":7}},"19":{"start":{"line":59,"column":16},"end":{"line":64,"column":3}},"20":{"start":{"line":60,"column":4},"end":{"line":60,"column":23}},"21":{"start":{"line":61,"column":4},"end":{"line":63,"column":7}},"22":{"start":{"line":66,"column":17},"end":{"line":71,"column":3}},"23":{"start":{"line":67,"column":4},"end":{"line":67,"column":23}},"24":{"start":{"line":68,"column":4},"end":{"line":70,"column":7}},"25":{"start":{"line":73,"column":18},"end":{"line":79,"column":3}},"26":{"start":{"line":74,"column":4},"end":{"line":74,"column":23}},"27":{"start":{"line":75,"column":4},"end":{"line":78,"column":7}},"28":{"start":{"line":82,"column":4},"end":{"line":82,"column":23}},"29":{"start":{"line":83,"column":4},"end":{"line":93,"column":5}},"30":{"start":{"line":84,"column":6},"end":{"line":84,"column":46}},"31":{"start":{"line":86,"column":17},"end":{"line":86,"column":80}},"32":{"start":{"line":87,"column":4},"end":{"line":87,"column":56}},"33":{"start":{"line":88,"column":6},"end":{"line":92,"column":7}},"34":{"start":{"line":89,"column":8},"end":{"line":89,"column":39}},"35":{"start":{"line":91,"column":8},"end":{"line":91,"column":40}},"36":{"start":{"line":99,"column":17},"end":{"line":99,"column":36}},"37":{"start":{"line":100,"column":15},"end":{"line":100,"column":25}},"38":{"start":{"line":101,"column":4},"end":{"line":119,"column":13}},"39":{"start":{"line":106,"column":12},"end":{"line":106,"column":31}},"40":{"start":{"line":111,"column":12},"end":{"line":111,"column":29}}},"fnMap":{"0":{"name":"(anonymous_0)","decl":{"start":{"line":7,"column":2},"end":{"line":7,"column":3}},"loc":{"start":{"line":7,"column":21},"end":{"line":23,"column":3}},"line":7},"1":{"name":"(anonymous_1)","decl":{"start":{"line":25,"column":2},"end":{"line":25,"column":3}},"loc":{"start":{"line":25,"column":22},"end":{"line":27,"column":3}},"line":25},"2":{"name":"(anonymous_2)","decl":{"start":{"line":29,"column":2},"end":{"line":29,"column":3}},"loc":{"start":{"line":29,"column":21},"end":{"line":31,"column":3}},"line":29},"3":{"name":"(anonymous_3)","decl":{"start":{"line":33,"column":2},"end":{"line":33,"column":3}},"loc":{"start":{"line":33,"column":17},"end":{"line":37,"column":3}},"line":33},"4":{"name":"(anonymous_4)","decl":{"start":{"line":39,"column":2},"end":{"line":39,"column":3}},"loc":{"start":{"line":39,"column":21},"end":{"line":44,"column":3}},"line":39},"5":{"name":"(anonymous_5)","decl":{"start":{"line":46,"column":15},"end":{"line":46,"column":16}},"loc":{"start":{"line":46,"column":20},"end":{"line":50,"column":3}},"line":46},"6":{"name":"(anonymous_6)","decl":{"start":{"line":52,"column":14},"end":{"line":52,"column":15}},"loc":{"start":{"line":52,"column":19},"end":{"line":56,"column":3}},"line":52},"7":{"name":"(anonymous_7)","decl":{"start":{"line":59,"column":16},"end":{"line":59,"column":17}},"loc":{"start":{"line":59,"column":21},"end":{"line":64,"column":3}},"line":59},"8":{"name":"(anonymous_8)","decl":{"start":{"line":66,"column":17},"end":{"line":66,"column":18}},"loc":{"start":{"line":66,"column":22},"end":{"line":71,"column":3}},"line":66},"9":{"name":"(anonymous_9)","decl":{"start":{"line":73,"column":18},"end":{"line":73,"column":19}},"loc":{"start":{"line":73,"column":23},"end":{"line":79,"column":3}},"line":73},"10":{"name":"(anonymous_10)","decl":{"start":{"line":81,"column":2},"end":{"line":81,"column":3}},"loc":{"start":{"line":81,"column":18},"end":{"line":95,"column":3}},"line":81},"11":{"name":"(anonymous_11)","decl":{"start":{"line":98,"column":2},"end":{"line":98,"column":3}},"loc":{"start":{"line":98,"column":12},"end":{"line":120,"column":3}},"line":98},"12":{"name":"(anonymous_12)","decl":{"start":{"line":105,"column":66},"end":{"line":105,"column":67}},"loc":{"start":{"line":105,"column":71},"end":{"line":107,"column":11}},"line":105},"13":{"name":"(anonymous_13)","decl":{"start":{"line":110,"column":78},"end":{"line":110,"column":79}},"loc":{"start":{"line":110,"column":83},"end":{"line":112,"column":11}},"line":110}},"branchMap":{"0":{"loc":{"start":{"line":41,"column":4},"end":{"line":43,"column":5}},"type":"if","locations":[{"start":{"line":41,"column":4},"end":{"line":43,"column":5}},{"start":{"line":41,"column":4},"end":{"line":43,"column":5}}],"line":41},"1":{"loc":{"start":{"line":83,"column":4},"end":{"line":93,"column":5}},"type":"if","locations":[{"start":{"line":83,"column":4},"end":{"line":93,"column":5}},{"start":{"line":83,"column":4},"end":{"line":93,"column":5}}],"line":83},"2":{"loc":{"start":{"line":88,"column":6},"end":{"line":92,"column":7}},"type":"if","locations":[{"start":{"line":88,"column":6},"end":{"line":92,"column":7}},{"start":{"line":88,"column":6},"end":{"line":92,"column":7}}],"line":88},"3":{"loc":{"start":{"line":110,"column":11},"end":{"line":116,"column":16}},"type":"cond-expr","locations":[{"start":{"line":110,"column":20},"end":{"line":112,"column":31}},{"start":{"line":113,"column":10},"end":{"line":116,"column":16}}],"line":110}},"s":{"0":3,"1":3,"2":3,"3":3,"4":3,"5":3,"6":3,"7":3,"8":3,"9":3,"10":0,"11":3,"12":0,"13":0,"14":0,"15":3,"16":0,"17":3,"18":0,"19":3,"20":0,"21":0,"22":3,"23":0,"24":0,"25":3,"26":0,"27":0,"28":0,"29":0,"30":0,"31":0,"32":0,"33":0,"34":0,"35":0,"36":3,"37":3,"38":3,"39":0,"40":0},"f":{"0":3,"1":3,"2":0,"3":3,"4":0,"5":0,"6":0,"7":0,"8":0,"9":0,"10":0,"11":3,"12":0,"13":0},"b":{"0":[0,0],"1":[0,0],"2":[0,0],"3":[0,3]},"_coverageSchema":"1a1c01bbd47fc00a2c39e90264f33305004495a9","hash":"90aa4419cb0f16e951dce9a91db80386ce0b7ef4"}
,"/Users/akshajmody/Documents/Hack Reactor SF COHORT 127 /etv-shipping/client/src/components/Carousel.jsx": {"path":"/Users/akshajmody/Documents/Hack Reactor SF COHORT 127 /etv-shipping/client/src/components/Carousel.jsx","statementMap":{"0":{"start":{"line":6,"column":4},"end":{"line":6,"column":17}},"1":{"start":{"line":7,"column":4},"end":{"line":7,"column":20}},"2":{"start":{"line":11,"column":4},"end":{"line":18,"column":5}},"3":{"start":{"line":15,"column":8},"end":{"line":15,"column":57}}},"fnMap":{"0":{"name":"(anonymous_0)","decl":{"start":{"line":5,"column":2},"end":{"line":5,"column":3}},"loc":{"start":{"line":5,"column":21},"end":{"line":8,"column":3}},"line":5},"1":{"name":"(anonymous_1)","decl":{"start":{"line":10,"column":2},"end":{"line":10,"column":3}},"loc":{"start":{"line":10,"column":11},"end":{"line":19,"column":3}},"line":10},"2":{"name":"(anonymous_2)","decl":{"start":{"line":14,"column":36},"end":{"line":14,"column":37}},"loc":{"start":{"line":15,"column":8},"end":{"line":15,"column":57}},"line":15}},"branchMap":{},"s":{"0":1,"1":1,"2":1,"3":0},"f":{"0":1,"1":1,"2":0},"b":{},"_coverageSchema":"1a1c01bbd47fc00a2c39e90264f33305004495a9","hash":"7429128017b55325834aaa3be0c4c595119c1f02"}
,"/Users/akshajmody/Documents/Hack Reactor SF COHORT 127 /etv-shipping/client/src/components/ModalOne.jsx": {"path":"/Users/akshajmody/Documents/Hack Reactor SF COHORT 127 /etv-shipping/client/src/components/ModalOne.jsx","statementMap":{"0":{"start":{"line":7,"column":4},"end":{"line":9,"column":5}},"1":{"start":{"line":8,"column":6},"end":{"line":8,"column":18}},"2":{"start":{"line":10,"column":4},"end":{"line":25,"column":6}}},"fnMap":{"0":{"name":"(anonymous_0)","decl":{"start":{"line":6,"column":2},"end":{"line":6,"column":3}},"loc":{"start":{"line":6,"column":11},"end":{"line":26,"column":3}},"line":6}},"branchMap":{"0":{"loc":{"start":{"line":7,"column":4},"end":{"line":9,"column":5}},"type":"if","locations":[{"start":{"line":7,"column":4},"end":{"line":9,"column":5}},{"start":{"line":7,"column":4},"end":{"line":9,"column":5}}],"line":7}},"s":{"0":2,"1":2,"2":0},"f":{"0":2},"b":{"0":[2,0]},"_coverageSchema":"1a1c01bbd47fc00a2c39e90264f33305004495a9","hash":"1084a6e1203d94df6561f96d66d35b8109d6bf4f"}
,"/Users/akshajmody/Documents/Hack Reactor SF COHORT 127 /etv-shipping/client/src/components/Recoms.jsx": {"path":"/Users/akshajmody/Documents/Hack Reactor SF COHORT 127 /etv-shipping/client/src/components/Recoms.jsx","statementMap":{"0":{"start":{"line":3,"column":14},"end":{"line":9,"column":1}},"1":{"start":{"line":4,"column":2},"end":{"line":8,"column":8}}},"fnMap":{"0":{"name":"(anonymous_0)","decl":{"start":{"line":3,"column":14},"end":{"line":3,"column":15}},"loc":{"start":{"line":4,"column":2},"end":{"line":8,"column":8}},"line":4}},"branchMap":{},"s":{"0":3,"1":0},"f":{"0":0},"b":{},"_coverageSchema":"1a1c01bbd47fc00a2c39e90264f33305004495a9","hash":"2f3bf1a2009960f74dad344af8ced90981161518"}
,"/Users/akshajmody/Documents/Hack Reactor SF COHORT 127 /etv-shipping/client/src/components/Zipcode.jsx": {"path":"/Users/akshajmody/Documents/Hack Reactor SF COHORT 127 /etv-shipping/client/src/components/Zipcode.jsx","statementMap":{"0":{"start":{"line":6,"column":4},"end":{"line":8,"column":5}},"1":{"start":{"line":7,"column":6},"end":{"line":7,"column":17}},"2":{"start":{"line":9,"column":4},"end":{"line":20,"column":5}},"3":{"start":{"line":12,"column":59},"end":{"line":12,"column":85}}},"fnMap":{"0":{"name":"(anonymous_0)","decl":{"start":{"line":5,"column":2},"end":{"line":5,"column":3}},"loc":{"start":{"line":5,"column":11},"end":{"line":21,"column":3}},"line":5},"1":{"name":"(anonymous_1)","decl":{"start":{"line":12,"column":53},"end":{"line":12,"column":54}},"loc":{"start":{"line":12,"column":58},"end":{"line":12,"column":86}},"line":12}},"branchMap":{"0":{"loc":{"start":{"line":6,"column":4},"end":{"line":8,"column":5}},"type":"if","locations":[{"start":{"line":6,"column":4},"end":{"line":8,"column":5}},{"start":{"line":6,"column":4},"end":{"line":8,"column":5}}],"line":6}},"s":{"0":0,"1":0,"2":0,"3":0},"f":{"0":0,"1":0},"b":{"0":[0,0]},"_coverageSchema":"1a1c01bbd47fc00a2c39e90264f33305004495a9","hash":"546dac78ecfb21a6ba3ef71ad4100ffb8ff9e79e"}
}
